c:\wedev\postgiscsharp\gdal202\gdal-2.0.2\gdal\zip\debug\zilib.pdb
c:\wedev\postgiscsharp\gdal202\gdal-2.0.2\gdal\zip\debug\zilib.idb
c:\wedev\postgiscsharp\gdal202\gdal-2.0.2\gdal\zip\debug\adler32.obj
c:\wedev\postgiscsharp\gdal202\gdal-2.0.2\gdal\zip\debug\compress.obj
c:\wedev\postgiscsharp\gdal202\gdal-2.0.2\gdal\zip\debug\crc32.obj
c:\wedev\postgiscsharp\gdal202\gdal-2.0.2\gdal\zip\debug\deflate.obj
c:\wedev\postgiscsharp\gdal202\gdal-2.0.2\gdal\zip\debug\gzio.obj
c:\wedev\postgiscsharp\gdal202\gdal-2.0.2\gdal\zip\debug\infback.obj
c:\wedev\postgiscsharp\gdal202\gdal-2.0.2\gdal\zip\debug\inffast.obj
c:\wedev\postgiscsharp\gdal202\gdal-2.0.2\gdal\zip\debug\inflate.obj
c:\wedev\postgiscsharp\gdal202\gdal-2.0.2\gdal\zip\debug\inftrees.obj
c:\wedev\postgiscsharp\gdal202\gdal-2.0.2\gdal\zip\debug\trees.obj
c:\wedev\postgiscsharp\gdal202\gdal-2.0.2\gdal\zip\debug\uncompr.obj
c:\wedev\postgiscsharp\gdal202\gdal-2.0.2\gdal\zip\debug\zutil.obj
c:\wedev\postgiscsharp\gdal202\gdal-2.0.2\gdal\debug\zilib.lib
c:\wedev\postgiscsharp\gdal202\gdal-2.0.2\gdal\debug\zilib.pdb
c:\wedev\postgiscsharp\gdal202\gdal-2.0.2\gdal\zip\debug\zilib.tlog\cl.command.1.tlog
c:\wedev\postgiscsharp\gdal202\gdal-2.0.2\gdal\zip\debug\zilib.tlog\cl.read.1.tlog
c:\wedev\postgiscsharp\gdal202\gdal-2.0.2\gdal\zip\debug\zilib.tlog\cl.write.1.tlog
c:\wedev\postgiscsharp\gdal202\gdal-2.0.2\gdal\zip\debug\zilib.tlog\lib-link.read.1.tlog
c:\wedev\postgiscsharp\gdal202\gdal-2.0.2\gdal\zip\debug\zilib.tlog\lib-link.write.1.tlog
c:\wedev\postgiscsharp\gdal202\gdal-2.0.2\gdal\zip\debug\zilib.tlog\lib.command.1.tlog
