  zutil.c
  uncompr.c
  trees.c
  inftrees.c
  inflate.c
  inffast.c
  infback.c
  gzio.c
c:\wedev\postgiscsharp\gdal202\gdal-2.0.2\frmts\zlib\gzio.c(131): warning C4996: 'strcpy': This function or variable may be unsafe. Consider using strcpy_s instead. To disable deprecation, use _CRT_SECURE_NO_WARNINGS. See online help for details.
  c:\program files (x86)\windows kits\10\include\10.0.10240.0\ucrt\string.h(119): note: see declaration of 'strcpy'
c:\wedev\postgiscsharp\gdal202\gdal-2.0.2\frmts\zlib\gzio.c(181): warning C4996: 'fopen': This function or variable may be unsafe. Consider using fopen_s instead. To disable deprecation, use _CRT_SECURE_NO_WARNINGS. See online help for details.
  c:\program files (x86)\windows kits\10\include\10.0.10240.0\ucrt\stdio.h(205): note: see declaration of 'fopen'
c:\wedev\postgiscsharp\gdal202\gdal-2.0.2\frmts\zlib\gzio.c(226): warning C4996: 'sprintf': This function or variable may be unsafe. Consider using sprintf_s instead. To disable deprecation, use _CRT_SECURE_NO_WARNINGS. See online help for details.
  c:\program files (x86)\windows kits\10\include\10.0.10240.0\ucrt\stdio.h(1769): note: see declaration of 'sprintf'
c:\wedev\postgiscsharp\gdal202\gdal-2.0.2\frmts\zlib\gzio.c(1001): warning C4996: 'strerror': This function or variable may be unsafe. Consider using strerror_s instead. To disable deprecation, use _CRT_SECURE_NO_WARNINGS. See online help for details.
  c:\program files (x86)\windows kits\10\include\10.0.10240.0\ucrt\string.h(178): note: see declaration of 'strerror'
c:\wedev\postgiscsharp\gdal202\gdal-2.0.2\frmts\zlib\gzio.c(1008): warning C4996: 'strcpy': This function or variable may be unsafe. Consider using strcpy_s instead. To disable deprecation, use _CRT_SECURE_NO_WARNINGS. See online help for details.
  c:\program files (x86)\windows kits\10\include\10.0.10240.0\ucrt\string.h(119): note: see declaration of 'strcpy'
c:\wedev\postgiscsharp\gdal202\gdal-2.0.2\frmts\zlib\gzio.c(1009): warning C4996: 'strcat': This function or variable may be unsafe. Consider using strcat_s instead. To disable deprecation, use _CRT_SECURE_NO_WARNINGS. See online help for details.
  c:\program files (x86)\windows kits\10\include\10.0.10240.0\ucrt\string.h(90): note: see declaration of 'strcat'
c:\wedev\postgiscsharp\gdal202\gdal-2.0.2\frmts\zlib\gzio.c(1010): warning C4996: 'strcat': This function or variable may be unsafe. Consider using strcat_s instead. To disable deprecation, use _CRT_SECURE_NO_WARNINGS. See online help for details.
  c:\program files (x86)\windows kits\10\include\10.0.10240.0\ucrt\string.h(90): note: see declaration of 'strcat'
  deflate.c
  crc32.c
  compress.c
  adler32.c
  Generating Code...
  zip.vcxproj -> C:\wedev\PostGisCsharp\gdal202\gdal-2.0.2\GDAL\Debug\zilib.lib
