c:\wedev\postgiscsharp\gdal202\gdal-2.0.2\gdal\cpl\debug\cpl.pdb
c:\wedev\postgiscsharp\gdal202\gdal-2.0.2\gdal\cpl\debug\cpl.idb
c:\wedev\postgiscsharp\gdal202\gdal-2.0.2\gdal\cpl\debug\cpl_xml_validate.obj
c:\wedev\postgiscsharp\gdal202\gdal-2.0.2\gdal\cpl\debug\cpl_google_oauth2.obj
c:\wedev\postgiscsharp\gdal202\gdal-2.0.2\gdal\cpl\debug\cpl_hash_set.obj
c:\wedev\postgiscsharp\gdal202\gdal-2.0.2\gdal\cpl\debug\cpl_atomic_ops.obj
c:\wedev\postgiscsharp\gdal202\gdal-2.0.2\gdal\cpl\debug\cpl_string.obj
c:\wedev\postgiscsharp\gdal202\gdal-2.0.2\gdal\cpl\debug\cpl_strtod.obj
c:\wedev\postgiscsharp\gdal202\gdal-2.0.2\gdal\cpl\debug\cpl_time.obj
c:\wedev\postgiscsharp\gdal202\gdal-2.0.2\gdal\cpl\debug\cpl_virtualmem.obj
c:\wedev\postgiscsharp\gdal202\gdal-2.0.2\gdal\cpl\debug\cpl_vsil.obj
c:\wedev\postgiscsharp\gdal202\gdal-2.0.2\gdal\cpl\debug\cpl_vsil_abstract_archive.obj
c:\wedev\postgiscsharp\gdal202\gdal-2.0.2\gdal\cpl\debug\cpl_vsil_buffered_reader.obj
c:\wedev\postgiscsharp\gdal202\gdal-2.0.2\gdal\cpl\debug\cpl_vsil_cache.obj
c:\wedev\postgiscsharp\gdal202\gdal-2.0.2\gdal\cpl\debug\cpl_vsil_curl.obj
c:\wedev\postgiscsharp\gdal202\gdal-2.0.2\gdal\cpl\debug\cpl_vsil_curl_streaming.obj
c:\wedev\postgiscsharp\gdal202\gdal-2.0.2\gdal\cpl\debug\cpl_vsil_gzip.obj
c:\wedev\postgiscsharp\gdal202\gdal-2.0.2\gdal\cpl\debug\cpl_vsil_sparsefile.obj
c:\wedev\postgiscsharp\gdal202\gdal-2.0.2\gdal\cpl\debug\cpl_vsil_stdin.obj
c:\wedev\postgiscsharp\gdal202\gdal-2.0.2\gdal\cpl\debug\cpl_vsil_stdout.obj
c:\wedev\postgiscsharp\gdal202\gdal-2.0.2\gdal\cpl\debug\cpl_vsil_subfile.obj
c:\wedev\postgiscsharp\gdal202\gdal-2.0.2\gdal\cpl\debug\cpl_vsil_win32.obj
c:\wedev\postgiscsharp\gdal202\gdal-2.0.2\gdal\cpl\debug\cpl_vsisimple.obj
c:\wedev\postgiscsharp\gdal202\gdal-2.0.2\gdal\cpl\debug\cpl_vsi_mem.obj
c:\wedev\postgiscsharp\gdal202\gdal-2.0.2\gdal\cpl\debug\cpl_http.obj
c:\wedev\postgiscsharp\gdal202\gdal-2.0.2\gdal\cpl\debug\cpl_list.obj
c:\wedev\postgiscsharp\gdal202\gdal-2.0.2\gdal\cpl\debug\cpl_minixml.obj
c:\wedev\postgiscsharp\gdal202\gdal-2.0.2\gdal\cpl\debug\cpl_minizip_ioapi.obj
c:\wedev\postgiscsharp\gdal202\gdal-2.0.2\gdal\cpl\debug\cpl_minizip_unzip.obj
c:\wedev\postgiscsharp\gdal202\gdal-2.0.2\gdal\cpl\debug\cpl_minizip_zip.obj
c:\wedev\postgiscsharp\gdal202\gdal-2.0.2\gdal\cpl\debug\cpl_multiproc.obj
c:\wedev\postgiscsharp\gdal202\gdal-2.0.2\gdal\cpl\debug\cpl_path.obj
c:\wedev\postgiscsharp\gdal202\gdal-2.0.2\gdal\cpl\debug\cpl_progress.obj
c:\wedev\postgiscsharp\gdal202\gdal-2.0.2\gdal\cpl\debug\cpl_quad_tree.obj
c:\wedev\postgiscsharp\gdal202\gdal-2.0.2\gdal\cpl\debug\cpl_recode.obj
c:\wedev\postgiscsharp\gdal202\gdal-2.0.2\gdal\cpl\debug\cpl_recode_iconv.obj
c:\wedev\postgiscsharp\gdal202\gdal-2.0.2\gdal\cpl\debug\cpl_recode_stub.obj
c:\wedev\postgiscsharp\gdal202\gdal-2.0.2\gdal\cpl\debug\cpl_spawn.obj
c:\wedev\postgiscsharp\gdal202\gdal-2.0.2\gdal\cpl\debug\cplgetsymbol.obj
c:\wedev\postgiscsharp\gdal202\gdal-2.0.2\gdal\cpl\debug\cplstring.obj
c:\wedev\postgiscsharp\gdal202\gdal-2.0.2\gdal\cpl\debug\cplstringlist.obj
c:\wedev\postgiscsharp\gdal202\gdal-2.0.2\gdal\cpl\debug\cpl_base64.obj
c:\wedev\postgiscsharp\gdal202\gdal-2.0.2\gdal\cpl\debug\cpl_findfile.obj
c:\wedev\postgiscsharp\gdal202\gdal-2.0.2\gdal\cpl\debug\cpl_getexecpath.obj
c:\wedev\postgiscsharp\gdal202\gdal-2.0.2\gdal\cpl\debug\cpl_vsil_tar.obj
c:\wedev\postgiscsharp\gdal202\gdal-2.0.2\gdal\debug\cpl.lib
c:\wedev\postgiscsharp\gdal202\gdal-2.0.2\gdal\debug\cpl.pdb
c:\wedev\postgiscsharp\gdal202\gdal-2.0.2\gdal\cpl\debug\cpl.tlog\cl.command.1.tlog
c:\wedev\postgiscsharp\gdal202\gdal-2.0.2\gdal\cpl\debug\cpl.tlog\cl.read.1.tlog
c:\wedev\postgiscsharp\gdal202\gdal-2.0.2\gdal\cpl\debug\cpl.tlog\cl.write.1.tlog
c:\wedev\postgiscsharp\gdal202\gdal-2.0.2\gdal\cpl\debug\cpl.tlog\lib-link.read.1.tlog
c:\wedev\postgiscsharp\gdal202\gdal-2.0.2\gdal\cpl\debug\cpl.tlog\lib-link.write.1.tlog
c:\wedev\postgiscsharp\gdal202\gdal-2.0.2\gdal\cpl\debug\cpl.tlog\lib.command.1.tlog
