c:\wedev\postgiscsharp\gdal202\gdal-2.0.2\gdal\alg\debug\alg.pdb
c:\wedev\postgiscsharp\gdal202\gdal-2.0.2\gdal\alg\debug\alg.idb
c:\wedev\postgiscsharp\gdal202\gdal-2.0.2\gdal\alg\debug\gdalgeoloc.obj
c:\wedev\postgiscsharp\gdal202\gdal-2.0.2\gdal\alg\debug\gdalgrid.obj
c:\wedev\postgiscsharp\gdal202\gdal-2.0.2\gdal\alg\debug\gdalgridsse.obj
c:\wedev\postgiscsharp\gdal202\gdal-2.0.2\gdal\alg\debug\gdalmatching.obj
c:\wedev\postgiscsharp\gdal202\gdal-2.0.2\gdal\alg\debug\gdalmediancut.obj
c:\wedev\postgiscsharp\gdal202\gdal-2.0.2\gdal\alg\debug\gdalproximity.obj
c:\wedev\postgiscsharp\gdal202\gdal-2.0.2\gdal\alg\debug\gdalrasterfpolygonenumerator.obj
c:\wedev\postgiscsharp\gdal202\gdal-2.0.2\gdal\alg\debug\gdalrasterize.obj
c:\wedev\postgiscsharp\gdal202\gdal-2.0.2\gdal\alg\debug\gdalrasterpolygonenumerator.obj
c:\wedev\postgiscsharp\gdal202\gdal-2.0.2\gdal\alg\debug\gdalsievefilter.obj
c:\wedev\postgiscsharp\gdal202\gdal-2.0.2\gdal\alg\debug\gdalsimplewarp.obj
c:\wedev\postgiscsharp\gdal202\gdal-2.0.2\gdal\alg\debug\gdaltransformer.obj
c:\wedev\postgiscsharp\gdal202\gdal-2.0.2\gdal\alg\debug\gdaltransformgeolocs.obj
c:\wedev\postgiscsharp\gdal202\gdal-2.0.2\gdal\alg\debug\gdalwarper.obj
c:\wedev\postgiscsharp\gdal202\gdal-2.0.2\gdal\alg\debug\gdalwarpkernel.obj
c:\wedev\postgiscsharp\gdal202\gdal-2.0.2\gdal\alg\debug\gdalwarpoperation.obj
c:\wedev\postgiscsharp\gdal202\gdal-2.0.2\gdal\alg\debug\llrasterize.obj
c:\wedev\postgiscsharp\gdal202\gdal-2.0.2\gdal\alg\debug\polygonize.obj
c:\wedev\postgiscsharp\gdal202\gdal-2.0.2\gdal\alg\debug\rasterfill.obj
c:\wedev\postgiscsharp\gdal202\gdal-2.0.2\gdal\alg\debug\thinplatespline.obj
c:\wedev\postgiscsharp\gdal202\gdal-2.0.2\gdal\alg\debug\contour.obj
c:\wedev\postgiscsharp\gdal202\gdal-2.0.2\gdal\alg\debug\fpolygonize.obj
c:\wedev\postgiscsharp\gdal202\gdal-2.0.2\gdal\alg\debug\gdal_octave.obj
c:\wedev\postgiscsharp\gdal202\gdal-2.0.2\gdal\alg\debug\gdal_rpc.obj
c:\wedev\postgiscsharp\gdal202\gdal-2.0.2\gdal\alg\debug\gdal_simplesurf.obj
c:\wedev\postgiscsharp\gdal202\gdal-2.0.2\gdal\alg\debug\gdal_tps.obj
c:\wedev\postgiscsharp\gdal202\gdal-2.0.2\gdal\alg\debug\gdalchecksum.obj
c:\wedev\postgiscsharp\gdal202\gdal-2.0.2\gdal\alg\debug\gdalcutline.obj
c:\wedev\postgiscsharp\gdal202\gdal-2.0.2\gdal\alg\debug\gdaldither.obj
c:\wedev\postgiscsharp\gdal202\gdal-2.0.2\gdal\alg\debug\gdal_crs.obj
c:\wedev\postgiscsharp\gdal202\gdal-2.0.2\gdal\debug\alg.lib
c:\wedev\postgiscsharp\gdal202\gdal-2.0.2\gdal\debug\alg.pdb
c:\wedev\postgiscsharp\gdal202\gdal-2.0.2\gdal\alg\debug\alg.tlog\cl.command.1.tlog
c:\wedev\postgiscsharp\gdal202\gdal-2.0.2\gdal\alg\debug\alg.tlog\cl.read.1.tlog
c:\wedev\postgiscsharp\gdal202\gdal-2.0.2\gdal\alg\debug\alg.tlog\cl.write.1.tlog
c:\wedev\postgiscsharp\gdal202\gdal-2.0.2\gdal\alg\debug\alg.tlog\lib-link.read.1.tlog
c:\wedev\postgiscsharp\gdal202\gdal-2.0.2\gdal\alg\debug\alg.tlog\lib-link.write.1.tlog
c:\wedev\postgiscsharp\gdal202\gdal-2.0.2\gdal\alg\debug\alg.tlog\lib.command.1.tlog
