c:\wedev\postgiscsharp\gdal202\gdal-2.0.2\gdal\ogr\debug\vc140.pdb
c:\wedev\postgiscsharp\gdal202\gdal-2.0.2\gdal\ogr\debug\vc140.idb
c:\wedev\postgiscsharp\gdal202\gdal-2.0.2\gdal\ogr\debug\ogr.obj
c:\wedev\postgiscsharp\gdal202\gdal-2.0.2\gdal\ogr\debug\stdafx.obj
c:\wedev\postgiscsharp\gdal202\gdal-2.0.2\gdal\ogr\debug\ogr_expat.obj
c:\wedev\postgiscsharp\gdal202\gdal-2.0.2\gdal\ogr\debug\ogr_opt.obj
c:\wedev\postgiscsharp\gdal202\gdal-2.0.2\gdal\ogr\debug\ogr_srsnode.obj
c:\wedev\postgiscsharp\gdal202\gdal-2.0.2\gdal\ogr\debug\ogr_srs_dict.obj
c:\wedev\postgiscsharp\gdal202\gdal-2.0.2\gdal\ogr\debug\ogr_srs_erm.obj
c:\wedev\postgiscsharp\gdal202\gdal-2.0.2\gdal\ogr\debug\ogr_srs_esri.obj
c:\wedev\postgiscsharp\gdal202\gdal-2.0.2\gdal\ogr\debug\ogr_srs_ozi.obj
c:\wedev\postgiscsharp\gdal202\gdal-2.0.2\gdal\ogr\debug\ogr_srs_panorama.obj
c:\wedev\postgiscsharp\gdal202\gdal-2.0.2\gdal\ogr\debug\ogr_srs_pci.obj
c:\wedev\postgiscsharp\gdal202\gdal-2.0.2\gdal\ogr\debug\ogr_srs_proj4.obj
c:\wedev\postgiscsharp\gdal202\gdal-2.0.2\gdal\ogr\debug\ogr_srs_usgs.obj
c:\wedev\postgiscsharp\gdal202\gdal-2.0.2\gdal\ogr\debug\ogr_srs_validate.obj
c:\wedev\postgiscsharp\gdal202\gdal-2.0.2\gdal\ogr\debug\ogr_srs_xml.obj
c:\wedev\postgiscsharp\gdal202\gdal-2.0.2\gdal\ogr\debug\swq.obj
c:\wedev\postgiscsharp\gdal202\gdal-2.0.2\gdal\ogr\debug\swq_expr_node.obj
c:\wedev\postgiscsharp\gdal202\gdal-2.0.2\gdal\ogr\debug\swq_op_general.obj
c:\wedev\postgiscsharp\gdal202\gdal-2.0.2\gdal\ogr\debug\swq_op_registrar.obj
c:\wedev\postgiscsharp\gdal202\gdal-2.0.2\gdal\ogr\debug\swq_parser.obj
c:\wedev\postgiscsharp\gdal202\gdal-2.0.2\gdal\ogr\debug\swq_select.obj
c:\wedev\postgiscsharp\gdal202\gdal-2.0.2\gdal\ogr\debug\ogrgeometrycollection.obj
c:\wedev\postgiscsharp\gdal202\gdal-2.0.2\gdal\ogr\debug\ogrgeometryfactory.obj
c:\wedev\postgiscsharp\gdal202\gdal-2.0.2\gdal\ogr\debug\ogrgeomfielddefn.obj
c:\wedev\postgiscsharp\gdal202\gdal-2.0.2\gdal\ogr\debug\ogrlinearring.obj
c:\wedev\postgiscsharp\gdal202\gdal-2.0.2\gdal\ogr\debug\ogrlinestring.obj
c:\wedev\postgiscsharp\gdal202\gdal-2.0.2\gdal\ogr\debug\ogrmulticurve.obj
c:\wedev\postgiscsharp\gdal202\gdal-2.0.2\gdal\ogr\debug\ogrmultilinestring.obj
c:\wedev\postgiscsharp\gdal202\gdal-2.0.2\gdal\ogr\debug\ogrmultipoint.obj
c:\wedev\postgiscsharp\gdal202\gdal-2.0.2\gdal\ogr\debug\ogrmultipolygon.obj
c:\wedev\postgiscsharp\gdal202\gdal-2.0.2\gdal\ogr\debug\ogrmultisurface.obj
c:\wedev\postgiscsharp\gdal202\gdal-2.0.2\gdal\ogr\debug\ogrpgeogeometry.obj
c:\wedev\postgiscsharp\gdal202\gdal-2.0.2\gdal\ogr\debug\ogrpoint.obj
c:\wedev\postgiscsharp\gdal202\gdal-2.0.2\gdal\ogr\debug\ogrpolygon.obj
c:\wedev\postgiscsharp\gdal202\gdal-2.0.2\gdal\ogr\debug\ogrspatialreference.obj
c:\wedev\postgiscsharp\gdal202\gdal-2.0.2\gdal\ogr\debug\ogrsurface.obj
c:\wedev\postgiscsharp\gdal202\gdal-2.0.2\gdal\ogr\debug\ogr_api.obj
c:\wedev\postgiscsharp\gdal202\gdal-2.0.2\gdal\ogr\debug\ogr_fromepsg.obj
c:\wedev\postgiscsharp\gdal202\gdal-2.0.2\gdal\ogr\debug\ogr_geocoding.obj
c:\wedev\postgiscsharp\gdal202\gdal-2.0.2\gdal\ogr\debug\gml2ogrgeometry.obj
c:\wedev\postgiscsharp\gdal202\gdal-2.0.2\gdal\ogr\debug\ogr2gmlgeometry.obj
c:\wedev\postgiscsharp\gdal202\gdal-2.0.2\gdal\ogr\debug\ograpispy.obj
c:\wedev\postgiscsharp\gdal202\gdal-2.0.2\gdal\ogr\debug\ograssemblepolygon.obj
c:\wedev\postgiscsharp\gdal202\gdal-2.0.2\gdal\ogr\debug\ogrcircularstring.obj
c:\wedev\postgiscsharp\gdal202\gdal-2.0.2\gdal\ogr\debug\ogrcompoundcurve.obj
c:\wedev\postgiscsharp\gdal202\gdal-2.0.2\gdal\ogr\debug\ogrct.obj
c:\wedev\postgiscsharp\gdal202\gdal-2.0.2\gdal\ogr\debug\ogrcurve.obj
c:\wedev\postgiscsharp\gdal202\gdal-2.0.2\gdal\ogr\debug\ogrcurvecollection.obj
c:\wedev\postgiscsharp\gdal202\gdal-2.0.2\gdal\ogr\debug\ogrcurvepolygon.obj
c:\wedev\postgiscsharp\gdal202\gdal-2.0.2\gdal\ogr\debug\ogrfeature.obj
c:\wedev\postgiscsharp\gdal202\gdal-2.0.2\gdal\ogr\debug\ogrfeaturedefn.obj
c:\wedev\postgiscsharp\gdal202\gdal-2.0.2\gdal\ogr\debug\ogrfeaturequery.obj
c:\wedev\postgiscsharp\gdal202\gdal-2.0.2\gdal\ogr\debug\ogrfeaturestyle.obj
c:\wedev\postgiscsharp\gdal202\gdal-2.0.2\gdal\ogr\debug\ogrfielddefn.obj
c:\wedev\postgiscsharp\gdal202\gdal-2.0.2\gdal\ogr\debug\ogrgeomediageometry.obj
c:\wedev\postgiscsharp\gdal202\gdal-2.0.2\gdal\ogr\debug\ogrgeometry.obj
c:\wedev\postgiscsharp\gdal202\gdal-2.0.2\gdal\ogr\debug\ogrutils.obj
c:\wedev\postgiscsharp\gdal202\gdal-2.0.2\gdal\ogr\debug\osr_cs_wkt.obj
c:\wedev\postgiscsharp\gdal202\gdal-2.0.2\gdal\ogr\debug\osr_cs_wkt_parser.obj
c:\wedev\postgiscsharp\gdal202\gdal-2.0.2\gdal\ogr\debug\dllmain.obj
c:\wedev\postgiscsharp\gdal202\gdal-2.0.2\gdal\debug\ogr.pdb
c:\wedev\postgiscsharp\gdal202\gdal-2.0.2\gdal\ogr\debug\ogr.tlog\cl.command.1.tlog
c:\wedev\postgiscsharp\gdal202\gdal-2.0.2\gdal\ogr\debug\ogr.tlog\cl.read.1.tlog
c:\wedev\postgiscsharp\gdal202\gdal-2.0.2\gdal\ogr\debug\ogr.tlog\cl.write.1.tlog
c:\wedev\postgiscsharp\gdal202\gdal-2.0.2\gdal\ogr\debug\ogr.tlog\link-cvtres.read.1.tlog
c:\wedev\postgiscsharp\gdal202\gdal-2.0.2\gdal\ogr\debug\ogr.tlog\link-cvtres.write.1.tlog
c:\wedev\postgiscsharp\gdal202\gdal-2.0.2\gdal\ogr\debug\ogr.tlog\link-rc.read.1.tlog
c:\wedev\postgiscsharp\gdal202\gdal-2.0.2\gdal\ogr\debug\ogr.tlog\link-rc.write.1.tlog
c:\wedev\postgiscsharp\gdal202\gdal-2.0.2\gdal\ogr\debug\ogr.tlog\link.command.1.tlog
c:\wedev\postgiscsharp\gdal202\gdal-2.0.2\gdal\ogr\debug\ogr.tlog\link.read.1.tlog
c:\wedev\postgiscsharp\gdal202\gdal-2.0.2\gdal\ogr\debug\ogr.tlog\link.write.1.tlog
