c:\wedev\postgiscsharp\gdal202\gdal-2.0.2\gdal\gcore\debug\vc140.pdb
c:\wedev\postgiscsharp\gdal202\gdal-2.0.2\gdal\gcore\debug\vc140.idb
c:\wedev\postgiscsharp\gdal202\gdal-2.0.2\gdal\gcore\debug\gcore.obj
c:\wedev\postgiscsharp\gdal202\gdal-2.0.2\gdal\gcore\debug\stdafx.obj
c:\wedev\postgiscsharp\gdal202\gdal-2.0.2\gdal\gcore\debug\gdalnodatamaskband.obj
c:\wedev\postgiscsharp\gdal202\gdal-2.0.2\gdal\gcore\debug\gdalnodatavaluesmaskband.obj
c:\wedev\postgiscsharp\gdal202\gdal-2.0.2\gdal\gcore\debug\gdalopeninfo.obj
c:\wedev\postgiscsharp\gdal202\gdal-2.0.2\gdal\gcore\debug\gdaloverviewdataset.obj
c:\wedev\postgiscsharp\gdal202\gdal-2.0.2\gdal\gcore\debug\gdalpamdataset.obj
c:\wedev\postgiscsharp\gdal202\gdal-2.0.2\gdal\gcore\debug\gdalpamproxydb.obj
c:\wedev\postgiscsharp\gdal202\gdal-2.0.2\gdal\gcore\debug\gdalpamrasterband.obj
c:\wedev\postgiscsharp\gdal202\gdal-2.0.2\gdal\gcore\debug\gdalproxydataset.obj
c:\wedev\postgiscsharp\gdal202\gdal-2.0.2\gdal\gcore\debug\gdalproxypool.obj
c:\wedev\postgiscsharp\gdal202\gdal-2.0.2\gdal\gcore\debug\gdalrasterband.obj
c:\wedev\postgiscsharp\gdal202\gdal-2.0.2\gdal\gcore\debug\gdalrasterblock.obj
c:\wedev\postgiscsharp\gdal202\gdal-2.0.2\gdal\gcore\debug\gdalrescaledalphaband.obj
c:\wedev\postgiscsharp\gdal202\gdal-2.0.2\gdal\gcore\debug\gdalvirtualmem.obj
c:\wedev\postgiscsharp\gdal202\gdal-2.0.2\gdal\gcore\debug\gdal_mdreader.obj
c:\wedev\postgiscsharp\gdal202\gdal-2.0.2\gdal\gcore\debug\gdal_misc.obj
c:\wedev\postgiscsharp\gdal202\gdal-2.0.2\gdal\gcore\debug\overview.obj
c:\wedev\postgiscsharp\gdal202\gdal-2.0.2\gdal\gcore\debug\gdalallvalidmaskband.obj
c:\wedev\postgiscsharp\gdal202\gdal-2.0.2\gdal\gcore\debug\gdalclientserver.obj
c:\wedev\postgiscsharp\gdal202\gdal-2.0.2\gdal\gcore\debug\gdalcolortable.obj
c:\wedev\postgiscsharp\gdal202\gdal-2.0.2\gdal\gcore\debug\gdaldataset.obj
c:\wedev\postgiscsharp\gdal202\gdal-2.0.2\gdal\gcore\debug\gdaldefaultasync.obj
c:\wedev\postgiscsharp\gdal202\gdal-2.0.2\gdal\gcore\debug\gdaldefaultoverviews.obj
c:\wedev\postgiscsharp\gdal202\gdal-2.0.2\gdal\gcore\debug\gdaldllmain.obj
c:\wedev\postgiscsharp\gdal202\gdal-2.0.2\gdal\gcore\debug\gdaldriver.obj
c:\wedev\postgiscsharp\gdal202\gdal-2.0.2\gdal\gcore\debug\gdaldrivermanager.obj
c:\wedev\postgiscsharp\gdal202\gdal-2.0.2\gdal\gcore\debug\gdalexif.obj
c:\wedev\postgiscsharp\gdal202\gdal-2.0.2\gdal\gcore\debug\gdalgeorefpamdataset.obj
c:\wedev\postgiscsharp\gdal202\gdal-2.0.2\gdal\gcore\debug\gdalgmlcoverage.obj
c:\wedev\postgiscsharp\gdal202\gdal-2.0.2\gdal\gcore\debug\gdaljp2abstractdataset.obj
c:\wedev\postgiscsharp\gdal202\gdal-2.0.2\gdal\gcore\debug\gdaljp2box.obj
c:\wedev\postgiscsharp\gdal202\gdal-2.0.2\gdal\gcore\debug\gdaljp2metadata.obj
c:\wedev\postgiscsharp\gdal202\gdal-2.0.2\gdal\gcore\debug\gdaljp2metadatagenerator.obj
c:\wedev\postgiscsharp\gdal202\gdal-2.0.2\gdal\gcore\debug\gdaljp2structure.obj
c:\wedev\postgiscsharp\gdal202\gdal-2.0.2\gdal\gcore\debug\gdalmajorobject.obj
c:\wedev\postgiscsharp\gdal202\gdal-2.0.2\gdal\gcore\debug\gdalmultidomainmetadata.obj
c:\wedev\postgiscsharp\gdal202\gdal-2.0.2\gdal\gcore\debug\rasterio.obj
c:\wedev\postgiscsharp\gdal202\gdal-2.0.2\gdal\gcore\debug\gdal_rat.obj
c:\wedev\postgiscsharp\gdal202\gdal-2.0.2\gdal\debug\gcore.pdb
c:\wedev\postgiscsharp\gdal202\gdal-2.0.2\gdal\gcore\debug\gcore.tlog\cl.command.1.tlog
c:\wedev\postgiscsharp\gdal202\gdal-2.0.2\gdal\gcore\debug\gcore.tlog\cl.read.1.tlog
c:\wedev\postgiscsharp\gdal202\gdal-2.0.2\gdal\gcore\debug\gcore.tlog\cl.write.1.tlog
c:\wedev\postgiscsharp\gdal202\gdal-2.0.2\gdal\gcore\debug\gcore.tlog\link-cvtres.read.1.tlog
c:\wedev\postgiscsharp\gdal202\gdal-2.0.2\gdal\gcore\debug\gcore.tlog\link-cvtres.write.1.tlog
c:\wedev\postgiscsharp\gdal202\gdal-2.0.2\gdal\gcore\debug\gcore.tlog\link-rc.read.1.tlog
c:\wedev\postgiscsharp\gdal202\gdal-2.0.2\gdal\gcore\debug\gcore.tlog\link-rc.write.1.tlog
c:\wedev\postgiscsharp\gdal202\gdal-2.0.2\gdal\gcore\debug\gcore.tlog\link.command.1.tlog
c:\wedev\postgiscsharp\gdal202\gdal-2.0.2\gdal\gcore\debug\gcore.tlog\link.read.1.tlog
c:\wedev\postgiscsharp\gdal202\gdal-2.0.2\gdal\gcore\debug\gcore.tlog\link.write.1.tlog
